Performing C SOURCE FILE Test CMAKE_HAVE_LIBC_PTHREAD failed with the following output:
Change Dir: /home/mylw/Martial_arts/fjqz/cmake-build-debug/CMakeFiles/CMakeTmp

Run Build Command(s):/snap/clion/198/bin/ninja/linux/ninja cmTC_0316e && [1/2] Building C object CMakeFiles/cmTC_0316e.dir/src.c.o
[2/2] Linking C executable cmTC_0316e
FAILED: cmTC_0316e 
: && /usr/bin/cc   CMakeFiles/cmTC_0316e.dir/src.c.o -o cmTC_0316e   && :
/usr/bin/ld: CMakeFiles/cmTC_0316e.dir/src.c.o: in function `main':
src.c:(.text+0x46): undefined reference to `pthread_create'
/usr/bin/ld: src.c:(.text+0x52): undefined reference to `pthread_detach'
/usr/bin/ld: src.c:(.text+0x5e): undefined reference to `pthread_cancel'
/usr/bin/ld: src.c:(.text+0x6f): undefined reference to `pthread_join'
collect2: error: ld returned 1 exit status
ninja: build stopped: subcommand failed.


Source file was:
#include <pthread.h>

static void* test_func(void* data)
{
  return data;
}

int main(void)
{
  pthread_t thread;
  pthread_create(&thread, NULL, test_func, NULL);
  pthread_detach(thread);
  pthread_cancel(thread);
  pthread_join(thread, NULL);
  pthread_atfork(NULL, NULL, NULL);
  pthread_exit(NULL);

  return 0;
}

Determining if the function pthread_create exists in the pthreads failed with the following output:
Change Dir: /home/mylw/Martial_arts/fjqz/cmake-build-debug/CMakeFiles/CMakeTmp

Run Build Command(s):/snap/clion/198/bin/ninja/linux/ninja cmTC_ec899 && [1/2] Building C object CMakeFiles/cmTC_ec899.dir/CheckFunctionExists.c.o
[2/2] Linking C executable cmTC_ec899
FAILED: cmTC_ec899 
: && /usr/bin/cc -DCHECK_FUNCTION_EXISTS=pthread_create  CMakeFiles/cmTC_ec899.dir/CheckFunctionExists.c.o -o cmTC_ec899  -lpthreads && :
/usr/bin/ld: 找不到 -lpthreads
collect2: error: ld returned 1 exit status
ninja: build stopped: subcommand failed.



Determining if the strtod_l exist failed with the following output:
Change Dir: /home/mylw/Martial_arts/fjqz/cmake-build-debug/CMakeFiles/CMakeTmp

Run Build Command(s):/snap/clion/198/bin/ninja/linux/ninja cmTC_b4db7 && [1/2] Building C object CMakeFiles/cmTC_b4db7.dir/CheckSymbolExists.c.o
FAILED: CMakeFiles/cmTC_b4db7.dir/CheckSymbolExists.c.o 
/usr/bin/cc    -o CMakeFiles/cmTC_b4db7.dir/CheckSymbolExists.c.o -c /home/mylw/Martial_arts/fjqz/cmake-build-debug/CMakeFiles/CMakeTmp/CheckSymbolExists.c
/home/mylw/Martial_arts/fjqz/cmake-build-debug/CMakeFiles/CMakeTmp/CheckSymbolExists.c: In function ‘main’:
/home/mylw/Martial_arts/fjqz/cmake-build-debug/CMakeFiles/CMakeTmp/CheckSymbolExists.c:8:19: error: ‘strtod_l’ undeclared (first use in this function); did you mean ‘strtoull’?
    8 |   return ((int*)(&strtod_l))[argc];
      |                   ^~~~~~~~
      |                   strtoull
/home/mylw/Martial_arts/fjqz/cmake-build-debug/CMakeFiles/CMakeTmp/CheckSymbolExists.c:8:19: note: each undeclared identifier is reported only once for each function it appears in
ninja: build stopped: subcommand failed.


File /home/mylw/Martial_arts/fjqz/cmake-build-debug/CMakeFiles/CMakeTmp/CheckSymbolExists.c:
/* */
#include <stdlib.h>

int main(int argc, char** argv)
{
  (void)argv;
#ifndef strtod_l
  return ((int*)(&strtod_l))[argc];
#else
  (void)argc;
  return 0;
#endif
}
