Performing C SOURCE FILE Test CMAKE_HAVE_LIBC_PTHREAD failed with the following output:
Change Dir: /home/mylw/Martial_arts/Smjy/builder/CMakeFiles/CMakeTmp

Run Build Command(s):/usr/bin/gmake cmTC_9d420/fast && /usr/bin/gmake -f CMakeFiles/cmTC_9d420.dir/build.make CMakeFiles/cmTC_9d420.dir/build
gmake[1]: 进入目录“/home/mylw/Martial_arts/Smjy/builder/CMakeFiles/CMakeTmp”
Building C object CMakeFiles/cmTC_9d420.dir/src.c.o
/usr/bin/cc   -DCMAKE_HAVE_LIBC_PTHREAD   -o CMakeFiles/cmTC_9d420.dir/src.c.o   -c /home/mylw/Martial_arts/Smjy/builder/CMakeFiles/CMakeTmp/src.c
Linking C executable cmTC_9d420
/usr/bin/cmake -E cmake_link_script CMakeFiles/cmTC_9d420.dir/link.txt --verbose=1
/usr/bin/cc  -DCMAKE_HAVE_LIBC_PTHREAD    CMakeFiles/cmTC_9d420.dir/src.c.o  -o cmTC_9d420 
/usr/bin/ld: CMakeFiles/cmTC_9d420.dir/src.c.o: in function `main':
src.c:(.text+0x46): undefined reference to `pthread_create'
/usr/bin/ld: src.c:(.text+0x52): undefined reference to `pthread_detach'
/usr/bin/ld: src.c:(.text+0x63): undefined reference to `pthread_join'
collect2: error: ld returned 1 exit status
gmake[1]: *** [CMakeFiles/cmTC_9d420.dir/build.make:87：cmTC_9d420] 错误 1
gmake[1]: 离开目录“/home/mylw/Martial_arts/Smjy/builder/CMakeFiles/CMakeTmp”
gmake: *** [Makefile:121：cmTC_9d420/fast] 错误 2


Source file was:
#include <pthread.h>

void* test_func(void* data)
{
  return data;
}

int main(void)
{
  pthread_t thread;
  pthread_create(&thread, NULL, test_func, NULL);
  pthread_detach(thread);
  pthread_join(thread, NULL);
  pthread_atfork(NULL, NULL, NULL);
  pthread_exit(NULL);

  return 0;
}

Determining if the function pthread_create exists in the pthreads failed with the following output:
Change Dir: /home/mylw/Martial_arts/Smjy/builder/CMakeFiles/CMakeTmp

Run Build Command(s):/usr/bin/gmake cmTC_11e1b/fast && /usr/bin/gmake -f CMakeFiles/cmTC_11e1b.dir/build.make CMakeFiles/cmTC_11e1b.dir/build
gmake[1]: 进入目录“/home/mylw/Martial_arts/Smjy/builder/CMakeFiles/CMakeTmp”
Building C object CMakeFiles/cmTC_11e1b.dir/CheckFunctionExists.c.o
/usr/bin/cc   -DCHECK_FUNCTION_EXISTS=pthread_create   -o CMakeFiles/cmTC_11e1b.dir/CheckFunctionExists.c.o   -c /usr/share/cmake-3.16/Modules/CheckFunctionExists.c
Linking C executable cmTC_11e1b
/usr/bin/cmake -E cmake_link_script CMakeFiles/cmTC_11e1b.dir/link.txt --verbose=1
/usr/bin/cc  -DCHECK_FUNCTION_EXISTS=pthread_create    CMakeFiles/cmTC_11e1b.dir/CheckFunctionExists.c.o  -o cmTC_11e1b  -lpthreads 
/usr/bin/ld: 找不到 -lpthreads
collect2: error: ld returned 1 exit status
gmake[1]: *** [CMakeFiles/cmTC_11e1b.dir/build.make:87：cmTC_11e1b] 错误 1
gmake[1]: 离开目录“/home/mylw/Martial_arts/Smjy/builder/CMakeFiles/CMakeTmp”
gmake: *** [Makefile:121：cmTC_11e1b/fast] 错误 2



Determining if the strtod_l exist failed with the following output:
Change Dir: /home/mylw/Martial_arts/Smjy/builder/CMakeFiles/CMakeTmp

Run Build Command(s):/usr/bin/gmake cmTC_895ba/fast && /usr/bin/gmake -f CMakeFiles/cmTC_895ba.dir/build.make CMakeFiles/cmTC_895ba.dir/build
gmake[1]: 进入目录“/home/mylw/Martial_arts/Smjy/builder/CMakeFiles/CMakeTmp”
Building C object CMakeFiles/cmTC_895ba.dir/CheckSymbolExists.c.o
/usr/bin/cc    -o CMakeFiles/cmTC_895ba.dir/CheckSymbolExists.c.o   -c /home/mylw/Martial_arts/Smjy/builder/CMakeFiles/CMakeTmp/CheckSymbolExists.c
/home/mylw/Martial_arts/Smjy/builder/CMakeFiles/CMakeTmp/CheckSymbolExists.c: In function ‘main’:
/home/mylw/Martial_arts/Smjy/builder/CMakeFiles/CMakeTmp/CheckSymbolExists.c:8:19: error: ‘strtod_l’ undeclared (first use in this function); did you mean ‘strtoull’?
    8 |   return ((int*)(&strtod_l))[argc];
      |                   ^~~~~~~~
      |                   strtoull
/home/mylw/Martial_arts/Smjy/builder/CMakeFiles/CMakeTmp/CheckSymbolExists.c:8:19: note: each undeclared identifier is reported only once for each function it appears in
gmake[1]: *** [CMakeFiles/cmTC_895ba.dir/build.make:66：CMakeFiles/cmTC_895ba.dir/CheckSymbolExists.c.o] 错误 1
gmake[1]: 离开目录“/home/mylw/Martial_arts/Smjy/builder/CMakeFiles/CMakeTmp”
gmake: *** [Makefile:121：cmTC_895ba/fast] 错误 2


File /home/mylw/Martial_arts/Smjy/builder/CMakeFiles/CMakeTmp/CheckSymbolExists.c:
/* */
#include <stdlib.h>

int main(int argc, char** argv)
{
  (void)argv;
#ifndef strtod_l
  return ((int*)(&strtod_l))[argc];
#else
  (void)argc;
  return 0;
#endif
}
